Build started 8/20/2013 11:08:52 PM.
     1>Project "K:\Alecs\Dropbox\Development\CPP\VoxelCraft\VoxelCraftPC\VoxelCraft\VoxelCraft.vcxproj" on node 2 (Build target(s)).
     1>ClCompile:
         K:\LocalHost\Program Files\Visual Studio 2012\VC\bin\CL.exe /c /ZI /nologo /W3 /WX- /sdl /Od /Oy- /D _MBCS /Gm /EHsc /RTC1 /MDd /GS /fp:precise /Zc:wchar_t /Zc:forScope /Fo"Debug\\" /Fd"Debug\vc110.pdb" /Gd /TP /analyze- /errorReport:prompt VCTestApplication.cpp VCTestShader.cpp main.cpp
         main.cpp
     1>k:\alecs\dropbox\development\cpp\voxelcraft\voxelcraftpc\voxelcraft\main.cpp(2): fatal error C1083: Cannot open type library file: 'k:\alecs\dropbox\development\cpp\voxelcraft\voxelcraftpc\voxelcraft\vctestapplication.h': Error loading type library/DLL.
         
         VCTestShader.cpp
     1>c:\program files (x86)\windows kits\8.0\include\shared\minwindef.h(130): warning C4005: 'APIENTRY' : macro redefinition
                 k:\alecs\dropbox\development\cpp\voxelcraft\voxelcraftpc\libs\include\glfw3.h(92) : see previous definition of 'APIENTRY'
     1>k:\alecs\dropbox\development\cpp\voxelcraft\voxelcraftpc\voxelcraft\vctestshader.cpp(48): error C2660: 'glErrorCheck' : function does not take 0 arguments
         VCTestApplication.cpp
     1>c:\program files (x86)\windows kits\8.0\include\shared\minwindef.h(130): warning C4005: 'APIENTRY' : macro redefinition
                 k:\alecs\dropbox\development\cpp\voxelcraft\voxelcraftpc\libs\include\glfw3.h(92) : see previous definition of 'APIENTRY'
     1>k:\alecs\dropbox\development\cpp\voxelcraft\voxelcraftpc\voxelcraft\vctestapplication.cpp(49): error C2065: 'm_window' : undeclared identifier
     1>k:\alecs\dropbox\development\cpp\voxelcraft\voxelcraftpc\voxelcraft\vctestapplication.cpp(50): error C2065: 'm_window' : undeclared identifier
     1>k:\alecs\dropbox\development\cpp\voxelcraft\voxelcraftpc\voxelcraft\vctestapplication.cpp(56): error C2065: 'm_window' : undeclared identifier
     1>k:\alecs\dropbox\development\cpp\voxelcraft\voxelcraftpc\voxelcraft\vctestapplication.cpp(66): error C2660: 'glErrorCheck' : function does not take 0 arguments
     1>k:\alecs\dropbox\development\cpp\voxelcraft\voxelcraftpc\voxelcraft\vctestapplication.cpp(78): error C2660: 'glErrorCheck' : function does not take 0 arguments
     1>k:\alecs\dropbox\development\cpp\voxelcraft\voxelcraftpc\voxelcraft\vctestapplication.cpp(96): error C2660: 'glErrorCheck' : function does not take 0 arguments
     1>k:\alecs\dropbox\development\cpp\voxelcraft\voxelcraftpc\voxelcraft\vctestapplication.cpp(100): error C2660: 'glErrorCheck' : function does not take 0 arguments
     1>k:\alecs\dropbox\development\cpp\voxelcraft\voxelcraftpc\voxelcraft\vctestapplication.cpp(110): error C2660: 'glErrorCheck' : function does not take 0 arguments
     1>k:\alecs\dropbox\development\cpp\voxelcraft\voxelcraftpc\voxelcraft\vctestapplication.cpp(113): error C2660: 'glErrorCheck' : function does not take 0 arguments
     1>k:\alecs\dropbox\development\cpp\voxelcraft\voxelcraftpc\voxelcraft\vctestapplication.cpp(116): error C2660: 'glErrorCheck' : function does not take 0 arguments
     1>k:\alecs\dropbox\development\cpp\voxelcraft\voxelcraftpc\voxelcraft\vctestapplication.cpp(119): error C2660: 'glErrorCheck' : function does not take 0 arguments
     1>k:\alecs\dropbox\development\cpp\voxelcraft\voxelcraftpc\voxelcraft\vctestapplication.cpp(122): error C2660: 'glErrorCheck' : function does not take 0 arguments
     1>k:\alecs\dropbox\development\cpp\voxelcraft\voxelcraftpc\voxelcraft\vctestapplication.cpp(126): error C2660: 'glErrorCheck' : function does not take 0 arguments
     1>k:\alecs\dropbox\development\cpp\voxelcraft\voxelcraftpc\voxelcraft\vctestapplication.cpp(129): error C2660: 'glErrorCheck' : function does not take 0 arguments
     1>k:\alecs\dropbox\development\cpp\voxelcraft\voxelcraftpc\voxelcraft\vctestapplication.cpp(131): error C2660: 'glfwSwapBuffers' : function does not take 0 arguments
         Generating Code...
     1>Done Building Project "K:\Alecs\Dropbox\Development\CPP\VoxelCraft\VoxelCraftPC\VoxelCraft\VoxelCraft.vcxproj" (Build target(s)) -- FAILED.

Build FAILED.

Time Elapsed 00:00:03.37
